\BOOKMARK [1][-]{section.1}{Introduction}{}% 1
\BOOKMARK [1][-]{section.2}{The algorithmic Environment}{}% 2
\BOOKMARK [2][-]{subsection.2.1}{The Simple Statement}{section.2}% 3
\BOOKMARK [2][-]{subsection.2.2}{The if-then-else Construct}{section.2}% 4
\BOOKMARK [2][-]{subsection.2.3}{The for Loop}{section.2}% 5
\BOOKMARK [2][-]{subsection.2.4}{The while Loop}{section.2}% 6
\BOOKMARK [2][-]{subsection.2.5}{The repeat-until Loop}{section.2}% 7
\BOOKMARK [2][-]{subsection.2.6}{The Infinite Loop}{section.2}% 8
\BOOKMARK [2][-]{subsection.2.7}{The Precondition}{section.2}% 9
\BOOKMARK [2][-]{subsection.2.8}{The Postcondition}{section.2}% 10
\BOOKMARK [2][-]{subsection.2.9}{Returning Values}{section.2}% 11
\BOOKMARK [2][-]{subsection.2.10}{Printing Messages}{section.2}% 12
\BOOKMARK [2][-]{subsection.2.11}{Comments}{section.2}% 13
\BOOKMARK [2][-]{subsection.2.12}{An Example}{section.2}% 14
\BOOKMARK [2][-]{subsection.2.13}{Options}{section.2}% 15
\BOOKMARK [3][-]{subsubsection.2.13.1}{Changing Indentation}{subsection.2.13}% 16
\BOOKMARK [2][-]{subsection.2.14}{Customization}{section.2}% 17
\BOOKMARK [1][-]{section.3}{The algorithm Environment}{}% 18
\BOOKMARK [2][-]{subsection.3.1}{General}{section.3}% 19
\BOOKMARK [2][-]{subsection.3.2}{Options}{section.3}% 20
\BOOKMARK [2][-]{subsection.3.3}{Customization}{section.3}% 21
