mktextfm ecrm1200
mktextfm ecrm1200
mktextfm ptmr8t
mktextfm ptmr8t
mktextfm ptmb8t
mktextfm nullfont
mktextfm ptmb8t
mktextfm nullfont
mktextfm ptmri8t
mktextfm ptmb8t
mktextfm nullfont
mktextfm ptmb8t
mktextfm nullfont
mktextfm ptmr8t
mktextfm pcrr8t
mktextfm ptmri8t
mktextfm ecrm1200
mktextfm ptmr8t
mktextfm ptmr8t
mktextfm ptmb8t
mktextfm nullfont
mktextfm ptmb8t
mktextfm nullfont
mktextfm ptmri8t
mktextfm ptmb8t
mktextfm nullfont
mktextfm ptmb8t
mktextfm nullfont
mktextfm ptmr8t
mktextfm pcrr8t
mktextfm ptmri8t
mktextfm ecrm1200
mktextfm ptmr8t
mktextfm ptmr8t
mktextfm ptmb8t
mktextfm nullfont
mktextfm ptmb8t
mktextfm nullfont
mktextfm ptmri8t
mktextfm ptmb8t
mktextfm nullfont
mktextfm ptmb8t
mktextfm nullfont
mktextfm ptmr8t
mktextfm pcrr8t
mktextfm ptmri8t
mktextfm 
