\BOOKMARK [0][-]{chapter*.1}{ACKNOWLEDGEMENTS}{}% 1
\BOOKMARK [0][-]{chapter*.2}{ABSTRACT}{}% 2
\BOOKMARK [0][-]{chapter*.4}{LIST OF TABLES}{}% 3
\BOOKMARK [0][-]{chapter*.5}{LIST OF FIGURES}{}% 4
\BOOKMARK [0][-]{chapter*.6}{ABBREVIATIONS}{}% 5
\BOOKMARK [0][-]{chapter*.7}{NOTATION}{}% 6
\BOOKMARK [0][-]{chapter.1}{INTRODUCTION}{}% 7
\BOOKMARK [0][-]{chapter.2}{Scope and Objectives}{}% 8
\BOOKMARK [0][-]{chapter.3}{PRELIMINARY WORKS}{}% 9
\BOOKMARK [1][-]{subsection.3.0.1}{Inter Cluster Routing}{chapter.3}% 10
\BOOKMARK [2][-]{subsection.3.0.2}{Cluster Routing}{subsection.3.0.1}% 11
\BOOKMARK [2][-]{subsection.3.0.3}{Load-balancing}{subsection.3.0.1}% 12
\BOOKMARK [2][-]{subsection.3.0.4}{Energy efficiency}{subsection.3.0.1}% 13
\BOOKMARK [2][-]{subsection.3.0.5}{Minimum Delay}{subsection.3.0.1}% 14
\BOOKMARK [2][-]{subsection.3.0.6}{Security}{subsection.3.0.1}% 15
\BOOKMARK [2][-]{subsection.3.0.7}{Reliability}{subsection.3.0.1}% 16
\BOOKMARK [1][-]{section.3.1}{Common Cluster Based Routing Protocols}{chapter.3}% 17
\BOOKMARK [1][-]{section.3.2}{Software Defined Networking}{chapter.3}% 18
\BOOKMARK [1][-]{section.3.3}{SDN in WSN}{chapter.3}% 19
\BOOKMARK [0][-]{chapter.4}{ARCHITECTURAL DESIGN}{}% 20
\BOOKMARK [0][-]{chapter.5}{WORK PLAN}{}% 21
\BOOKMARK [1][-]{section.5.1}{Phase I}{chapter.5}% 22
\BOOKMARK [1][-]{section.5.2}{Phase II}{chapter.5}% 23
\BOOKMARK [0][-]{chapter.6}{CURRENT STAGE AND WORKS DONE}{}% 24
\BOOKMARK [1][-]{section.6.1}{Basic Works}{chapter.6}% 25
\BOOKMARK [1][-]{section.6.2}{Implementation Works}{chapter.6}% 26
\BOOKMARK [0][-]{chapter.7}{CONCLUSION}{}% 27
